#
# There is insufficient memory for the Java Runtime Environment to continue.
# Native memory allocation (mmap) failed to map 13631488 bytes for G1 virtual space
# Possible reasons:
#   The system is out of physical RAM or swap space
#   The process is running with CompressedOops enabled, and the Java Heap may be blocking the growth of the native heap
# Possible solutions:
#   Reduce memory load on the system
#   Increase physical memory or swap space
#   Check if swap backing store is full
#   Decrease Java heap size (-Xmx/-Xms)
#   Decrease number of Java threads
#   Decrease Java thread stack sizes (-Xss)
#   Set larger code cache with -XX:ReservedCodeCacheSize=
#   JVM is running with Unscaled Compressed Oops mode in which the Java heap is
#     placed in the first 4GB address space. The Java Heap base address is the
#     maximum limit for the native heap growth. Please use -XX:HeapBaseMinAddress
#     to set the Java Heap base and to place the Java Heap above 4GB virtual address.
# This output file may be truncated or incomplete.
#
#  Out of Memory Error (./open/src/hotspot/os/windows/os_windows.cpp:3321), pid=18644, tid=7088
#
# JRE version: OpenJDK Runtime Environment (15.0.2+7) (build 15.0.2+7-27)
# Java VM: OpenJDK 64-Bit Server VM (15.0.2+7-27, mixed mode, sharing, tiered, compressed oops, g1 gc, windows-amd64)
# No core dump will be written. Minidumps are not enabled by default on client versions of Windows
#

---------------  S U M M A R Y ------------

Command Line: -agentlib:jdwp=transport=dt_socket,address=127.0.0.1:56604,suspend=y,server=n -XX:TieredStopAtLevel=1 -Xverify:none -Dspring.output.ansi.enabled=always -javaagent:C:\Users\stesh\AppData\Local\JetBrains\IntelliJIdea2020.3\captureAgent\debugger-agent.jar -Dcom.sun.management.jmxremote -Dspring.jmx.enabled=true -Dspring.liveBeansView.mbeanDomain -Dspring.application.admin.enabled=true -Dfile.encoding=UTF-8 com.example.demo.HotelAdministrationApplication

Host: Intel(R) Core(TM) i5-8300H CPU @ 2.30GHz, 8 cores, 7G,  Windows 10 , 64 bit Build 18362 (10.0.18362.1350)
Time: Wed May 12 23:21:52 2021 Aaea?onu (ceia) elapsed time: 4.470891 seconds (0d 0h 0m 4s)

---------------  T H R E A D  ---------------

Current thread (0x00000225cb14aa80):  VMThread "VM Thread" [stack: 0x000000fb26400000,0x000000fb26500000] [id=7088]

Stack: [0x000000fb26400000,0x000000fb26500000]
[error occurred during error reporting (printing stack bounds), id 0xc0000005, EXCEPTION_ACCESS_VIOLATION (0xc0000005) at pc=0x00000225b49210ad]

Native frames: (J=compiled Java code, j=interpreted, Vv=VM code, C=native code)
V  [jvm.dll+0x62ae9a]
V  [jvm.dll+0x7817a9]
V  [jvm.dll+0x782f03]
V  [jvm.dll+0x7834c5]
V  [jvm.dll+0x78347b]
V  [jvm.dll+0x62a2b9]
V  [jvm.dll+0x62aa88]
C  [ntdll.dll+0xa1eef]
C  [ntdll.dll+0x6aad9]
C  [ntdll.dll+0xa0b5e]
C  0x00000225b49210ad

VM_Operation (0x000000fb25efa930): G1CollectForAllocation, mode: safepoint, requested by thread 0x00000225ac704710


---------------  P R O C E S S  ---------------

Threads class SMR info:
_java_thread_list=0x00000225cd9d13f0, length=22, elements={
0x00000225ac704710, 0x00000225cb151320, 0x00000225cb151ef0, 0x00000225cb16e000,
0x00000225cb16e8c0, 0x00000225cb1722a0, 0x00000225cb174280, 0x00000225cb178590,
0x00000225cb133110, 0x00000225cbbae5e0, 0x00000225cbbcd0f0, 0x00000225cbbd0190,
0x00000225cbeaa630, 0x00000225cc112020, 0x00000225cc53bc00, 0x00000225cc670680,
0x00000225cd856850, 0x00000225cd856d20, 0x00000225cd812040, 0x00000225cd7b7840,
0x00000225cd7b9140, 0x00000225cd5b3090
}

Java Threads: ( => current thread )
  0x00000225ac704710 JavaThread "main" [_thread_blocked, id=13208, stack(0x000000fb25e00000,0x000000fb25f00000)]
  0x00000225cb151320 JavaThread "Reference Handler" daemon [_thread_blocked, id=19660, stack(0x000000fb26500000,0x000000fb26600000)]
  0x00000225cb151ef0 JavaThread "Finalizer" daemon [_thread_blocked, id=13620, stack(0x000000fb26600000,0x000000fb26700000)]
  0x00000225cb16e000 JavaThread "Signal Dispatcher" daemon [_thread_blocked, id=14792, stack(0x000000fb26700000,0x000000fb26800000)]
  0x00000225cb16e8c0 JavaThread "Attach Listener" daemon [_thread_blocked, id=14844, stack(0x000000fb26800000,0x000000fb26900000)]
  0x00000225cb1722a0 JavaThread "Service Thread" daemon [_thread_blocked, id=15244, stack(0x000000fb26900000,0x000000fb26a00000)]
  0x00000225cb174280 JavaThread "C1 CompilerThread0" daemon [_thread_blocked, id=17512, stack(0x000000fb26a00000,0x000000fb26b00000)]
  0x00000225cb178590 JavaThread "Sweeper thread" daemon [_thread_blocked, id=14100, stack(0x000000fb26b00000,0x000000fb26c00000)]
  0x00000225cb133110 JavaThread "Common-Cleaner" daemon [_thread_blocked, id=7440, stack(0x000000fb26c00000,0x000000fb26d00000)]
  0x00000225cbbae5e0 JavaThread "JDWP Transport Listener: dt_socket" daemon [_thread_blocked, id=19804, stack(0x000000fb26d00000,0x000000fb26e00000)]
  0x00000225cbbcd0f0 JavaThread "JDWP Event Helper Thread" daemon [_thread_blocked, id=12988, stack(0x000000fb26e00000,0x000000fb26f00000)]
  0x00000225cbbd0190 JavaThread "JDWP Command Reader" daemon [_thread_in_native, id=13108, stack(0x000000fb26f00000,0x000000fb27000000)]
  0x00000225cbeaa630 JavaThread "Notification Thread" daemon [_thread_blocked, id=11756, stack(0x000000fb27000000,0x000000fb27100000)]
  0x00000225cc112020 JavaThread "RMI TCP Accept-0" daemon [_thread_in_native, id=12848, stack(0x000000fb27100000,0x000000fb27200000)]
  0x00000225cc53bc00 JavaThread "RMI TCP Connection(1)-192.168.56.1" daemon [_thread_blocked, id=14920, stack(0x000000fb27600000,0x000000fb27700000)]
  0x00000225cc670680 JavaThread "RMI Scheduler(0)" daemon [_thread_blocked, id=7100, stack(0x000000fb27700000,0x000000fb27800000)]
  0x00000225cd856850 JavaThread "Catalina-utility-1" [_thread_blocked, id=15000, stack(0x000000fb27a00000,0x000000fb27b00000)]
  0x00000225cd856d20 JavaThread "Catalina-utility-2" [_thread_blocked, id=13484, stack(0x000000fb27d00000,0x000000fb27e00000)]
  0x00000225cd812040 JavaThread "container-0" [_thread_blocked, id=13096, stack(0x000000fb27e00000,0x000000fb27f00000)]
  0x00000225cd7b7840 JavaThread "PostgreSQL-JDBC-SharedTimer-1" daemon [_thread_blocked, id=15960, stack(0x000000fb27f00000,0x000000fb28000000)]
  0x00000225cd7b9140 JavaThread "HikariPool-1 housekeeper" daemon [_thread_blocked, id=13088, stack(0x000000fb28100000,0x000000fb28200000)]
  0x00000225cd5b3090 JavaThread "HikariPool-1 connection adder" daemon [_thread_blocked, id=15524, stack(0x000000fb28400000,0x000000fb28500000)]

Other Threads:
=>0x00000225cb14aa80 VMThread "VM Thread" [stack: 0x000000fb26400000,0x000000fb26500000] [id=7088]
  0x00000225ac705840 WatcherThread [stack: 0x000000fb27200000,0x000000fb27300000] [id=6180]
  0x00000225ac742ef0 GCTaskThread "GC Thread#0" [stack: 0x000000fb25f00000,0x000000fb26000000] [id=5448]
  0x00000225cc071140 GCTaskThread "GC Thread#1" [stack: 0x000000fb27300000,0x000000fb27400000] [id=15984]
  0x00000225cc06f7c0 GCTaskThread "GC Thread#2" [stack: 0x000000fb27400000,0x000000fb27500000] [id=17500]
  0x00000225cc0717a0 GCTaskThread "GC Thread#3" [stack: 0x000000fb27900000,0x000000fb27a00000] [id=16628]
  0x00000225cc070150 GCTaskThread "GC Thread#4" [stack: 0x000000fb27b00000,0x000000fb27c00000] [id=1980]
  0x00000225cc06e170 GCTaskThread "GC Thread#5" [stack: 0x000000fb27c00000,0x000000fb27d00000] [id=11420]
  0x00000225cc0707b0 GCTaskThread "GC Thread#6" [stack: 0x000000fb28200000,0x000000fb28300000] [id=1596]
  0x00000225cc06eb00 GCTaskThread "GC Thread#7" [stack: 0x000000fb28300000,0x000000fb28400000] [id=15592]
  0x00000225ac753b80 ConcurrentGCThread "G1 Main Marker" [stack: 0x000000fb26000000,0x000000fb26100000] [id=13488]
  0x00000225ac754f10 ConcurrentGCThread "G1 Conc#0" [stack: 0x000000fb26100000,0x000000fb26200000] [id=15624]
  0x00000225cc06e7d0 ConcurrentGCThread "G1 Conc#1" [stack: 0x000000fb27800000,0x000000fb27900000] [id=14604]
  0x00000225ac7be300 ConcurrentGCThread "G1 Refine#0" [stack: 0x000000fb26200000,0x000000fb26300000] [id=3440]
  0x00000225cc4c04e0 ConcurrentGCThread "G1 Refine#1" [stack: 0x000000fb27500000,0x000000fb27600000] [id=10716]
  0x00000225cafc20b0 ConcurrentGCThread "G1 Young RemSet Sampling" [stack: 0x000000fb26300000,0x000000fb26400000] [id=2052]

Threads with active compile tasks:

VM state: at safepoint (normal execution)

VM Mutex/Monitor currently owned by a thread:  ([mutex/lock_event])
[0x00000225ac6ffb20] Threads_lock - owner thread: 0x00000225cb14aa80
[0x00000225ac700270] Heap_lock - owner thread: 0x00000225ac704710

Heap address: 0x0000000082600000, size: 2010 MB, Compressed Oops mode: 32-bit
CDS archive(s) mapped at: [0x0000000800000000-0x0000000800b50000-0x0000000800b50000), size 11862016, SharedBaseAddress: 0x0000000800000000, ArchiveRelocationMode: 0.
Compressed class space mapped at: 0x0000000800b50000-0x0000000840b50000, size: 1073741824
Narrow klass base: 0x0000000800000000, Narrow klass shift: 3, Narrow klass range: 0x100000000

GC Precious Log:
 CPUs: 8 total, 8 available
 Memory: 8035M
 Large Page Support: Disabled
 NUMA Support: Disabled
 Compressed Oops: Enabled (32-bit)
 Heap Region Size: 1M
 Heap Min Capacity: 8M
 Heap Initial Capacity: 126M
 Heap Max Capacity: 2010M
 Pre-touch: Disabled
 Parallel Workers: 8
 Concurrent Workers: 2
 Concurrent Refinement Workers: 8
 Periodic GC: Disabled

Heap:
 garbage-first heap   total 79872K, used 19610K [0x0000000082600000, 0x0000000100000000)
  region size 1024K, 4 young (4096K), 4 survivors (4096K)
 Metaspace       used 37818K, capacity 38251K, committed 38448K, reserved 1091584K
  class space    used 5063K, capacity 5235K, committed 5248K, reserved 1048576K

Heap Regions: E=young(eden), S=young(survivor), O=old, HS=humongous(starts), HC=humongous(continues), CS=collection set, F=free, OA=open archive, CA=closed archive, TAMS=top-at-mark-start (previous, next)
|   0|0x0000000082600000, 0x0000000082700000, 0x0000000082700000|100%|HS|  |TAMS 0x0000000082700000, 0x0000000082600000| Complete 
|   1|0x0000000082700000, 0x0000000082800000, 0x0000000082800000|100%| O|  |TAMS 0x0000000082800000, 0x0000000082700000| Untracked 
|   2|0x0000000082800000, 0x0000000082900000, 0x0000000082900000|100%| O|  |TAMS 0x0000000082900000, 0x0000000082800000| Untracked 
|   3|0x0000000082900000, 0x0000000082a00000, 0x0000000082a00000|100%| O|  |TAMS 0x0000000082a00000, 0x0000000082900000| Untracked 
|   4|0x0000000082a00000, 0x0000000082b00000, 0x0000000082b00000|100%| O|  |TAMS 0x0000000082b00000, 0x0000000082a00000| Untracked 
|   5|0x0000000082b00000, 0x0000000082c00000, 0x0000000082c00000|100%| O|  |TAMS 0x0000000082c00000, 0x0000000082b00000| Untracked 
|   6|0x0000000082c00000, 0x0000000082d00000, 0x0000000082d00000|100%| O|  |TAMS 0x0000000082d00000, 0x0000000082c00000| Untracked 
|   7|0x0000000082d00000, 0x0000000082d2d000, 0x0000000082e00000| 17%| O|  |TAMS 0x0000000082d2d000, 0x0000000082d00000| Untracked 
|   8|0x0000000082e00000, 0x0000000082f00000, 0x0000000082f00000|100%| O|  |TAMS 0x0000000082f00000, 0x0000000082e00000| Untracked 
|   9|0x0000000082f00000, 0x0000000083000000, 0x0000000083000000|100%| O|  |TAMS 0x0000000083000000, 0x0000000082f00000| Untracked 
|  10|0x0000000083000000, 0x0000000083100000, 0x0000000083100000|100%| O|  |TAMS 0x0000000083100000, 0x0000000083000000| Untracked 
|  11|0x0000000083100000, 0x0000000083200000, 0x0000000083200000|100%| O|  |TAMS 0x0000000083200000, 0x0000000083100000| Untracked 
|  12|0x0000000083200000, 0x0000000083300000, 0x0000000083300000|100%| O|  |TAMS 0x0000000083300000, 0x0000000083200000| Untracked 
|  13|0x0000000083300000, 0x0000000083400000, 0x0000000083400000|100%| O|  |TAMS 0x0000000083400000, 0x0000000083300000| Untracked 
|  14|0x0000000083400000, 0x0000000083500000, 0x0000000083500000|100%| O|  |TAMS 0x0000000083500000, 0x0000000083400000| Untracked 
|  15|0x0000000083500000, 0x0000000083600000, 0x0000000083600000|100%| O|  |TAMS 0x0000000083500000, 0x0000000083500000| Untracked 
|  16|0x0000000083600000, 0x00000000836cda00, 0x0000000083700000| 80%| O|  |TAMS 0x0000000083600000, 0x0000000083600000| Untracked 
|  17|0x0000000083700000, 0x0000000083700000, 0x0000000083800000|  0%| F|  |TAMS 0x0000000083700000, 0x0000000083700000| Untracked 
|  18|0x0000000083800000, 0x0000000083800000, 0x0000000083900000|  0%| F|  |TAMS 0x0000000083800000, 0x0000000083800000| Untracked 
|  19|0x0000000083900000, 0x0000000083900000, 0x0000000083a00000|  0%| F|  |TAMS 0x0000000083900000, 0x0000000083900000| Untracked 
|  20|0x0000000083a00000, 0x0000000083a00000, 0x0000000083b00000|  0%| F|  |TAMS 0x0000000083a00000, 0x0000000083a00000| Untracked 
|  21|0x0000000083b00000, 0x0000000083b00000, 0x0000000083c00000|  0%| F|  |TAMS 0x0000000083b00000, 0x0000000083b00000| Untracked 
|  22|0x0000000083c00000, 0x0000000083c00000, 0x0000000083d00000|  0%| F|  |TAMS 0x0000000083c00000, 0x0000000083c00000| Untracked 
|  23|0x0000000083d00000, 0x0000000083d00000, 0x0000000083e00000|  0%| F|  |TAMS 0x0000000083d00000, 0x0000000083d00000| Untracked 
|  24|0x0000000083e00000, 0x0000000083e00000, 0x0000000083f00000|  0%| F|  |TAMS 0x0000000083e00000, 0x0000000083e00000| Untracked 
|  25|0x0000000083f00000, 0x0000000083f2c058, 0x0000000084000000| 17%| S|CS|TAMS 0x0000000083f00000, 0x0000000083f00000| Complete 
|  26|0x0000000084000000, 0x0000000084100000, 0x0000000084100000|100%| S|CS|TAMS 0x0000000084000000, 0x0000000084000000| Complete 
|  27|0x0000000084100000, 0x0000000084200000, 0x0000000084200000|100%| S|CS|TAMS 0x0000000084100000, 0x0000000084100000| Complete 
|  28|0x0000000084200000, 0x0000000084300000, 0x0000000084300000|100%| S|CS|TAMS 0x0000000084200000, 0x0000000084200000| Complete 
|  29|0x0000000084300000, 0x0000000084300000, 0x0000000084400000|  0%| F|  |TAMS 0x0000000084300000, 0x0000000084300000| Untracked 
|  30|0x0000000084400000, 0x0000000084400000, 0x0000000084500000|  0%| F|  |TAMS 0x0000000084400000, 0x0000000084400000| Untracked 
|  31|0x0000000084500000, 0x0000000084500000, 0x0000000084600000|  0%| F|  |TAMS 0x0000000084500000, 0x0000000084500000| Untracked 
|  32|0x0000000084600000, 0x0000000084600000, 0x0000000084700000|  0%| F|  |TAMS 0x0000000084600000, 0x0000000084600000| Untracked 
|  33|0x0000000084700000, 0x0000000084700000, 0x0000000084800000|  0%| F|  |TAMS 0x0000000084700000, 0x0000000084700000| Untracked 
|  34|0x0000000084800000, 0x0000000084800000, 0x0000000084900000|  0%| F|  |TAMS 0x0000000084800000, 0x0000000084800000| Untracked 
|  35|0x0000000084900000, 0x0000000084900000, 0x0000000084a00000|  0%| F|  |TAMS 0x0000000084900000, 0x0000000084900000| Untracked 
|  36|0x0000000084a00000, 0x0000000084a00000, 0x0000000084b00000|  0%| F|  |TAMS 0x0000000084a00000, 0x0000000084a00000| Untracked 
|  37|0x0000000084b00000, 0x0000000084b00000, 0x0000000084c00000|  0%| F|  |TAMS 0x0000000084b00000, 0x0000000084b00000| Untracked 
|  38|0x0000000084c00000, 0x0000000084c00000, 0x0000000084d00000|  0%| F|  |TAMS 0x0000000084c00000, 0x0000000084c00000| Untracked 
|  39|0x0000000084d00000, 0x0000000084d00000, 0x0000000084e00000|  0%| F|  |TAMS 0x0000000084d00000, 0x0000000084d00000| Untracked 
|  40|0x0000000084e00000, 0x0000000084e00000, 0x0000000084f00000|  0%| F|  |TAMS 0x0000000084e00000, 0x0000000084e00000| Untracked 
|  41|0x0000000084f00000, 0x0000000084f00000, 0x0000000085000000|  0%| F|  |TAMS 0x0000000084f00000, 0x0000000084f00000| Untracked 
|  42|0x0000000085000000, 0x0000000085000000, 0x0000000085100000|  0%| F|  |TAMS 0x0000000085000000, 0x0000000085000000| Untracked 
|  43|0x0000000085100000, 0x0000000085100000, 0x0000000085200000|  0%| F|  |TAMS 0x0000000085100000, 0x0000000085100000| Untracked 
|  44|0x0000000085200000, 0x0000000085200000, 0x0000000085300000|  0%| F|  |TAMS 0x0000000085200000, 0x0000000085200000| Untracked 
|  45|0x0000000085300000, 0x0000000085300000, 0x0000000085400000|  0%| F|  |TAMS 0x0000000085300000, 0x0000000085300000| Untracked 
|  46|0x0000000085400000, 0x0000000085400000, 0x0000000085500000|  0%| F|  |TAMS 0x0000000085400000, 0x0000000085400000| Untracked 
|  47|0x0000000085500000, 0x0000000085500000, 0x0000000085600000|  0%| F|  |TAMS 0x0000000085500000, 0x0000000085500000| Untracked 
|  48|0x0000000085600000, 0x0000000085600000, 0x0000000085700000|  0%| F|  |TAMS 0x0000000085600000, 0x0000000085600000| Untracked 
|  49|0x0000000085700000, 0x0000000085700000, 0x0000000085800000|  0%| F|  |TAMS 0x0000000085700000, 0x0000000085700000| Untracked 
|  50|0x0000000085800000, 0x0000000085800000, 0x0000000085900000|  0%| F|  |TAMS 0x0000000085800000, 0x0000000085800000| Untracked 
|  51|0x0000000085900000, 0x0000000085900000, 0x0000000085a00000|  0%| F|  |TAMS 0x0000000085900000, 0x0000000085900000| Untracked 
|  52|0x0000000085a00000, 0x0000000085a00000, 0x0000000085b00000|  0%| F|  |TAMS 0x0000000085a00000, 0x0000000085a00000| Untracked 
|  53|0x0000000085b00000, 0x0000000085b00000, 0x0000000085c00000|  0%| F|  |TAMS 0x0000000085b00000, 0x0000000085b00000| Untracked 
|  54|0x0000000085c00000, 0x0000000085c00000, 0x0000000085d00000|  0%| F|  |TAMS 0x0000000085c00000, 0x0000000085c00000| Untracked 
|  55|0x0000000085d00000, 0x0000000085d00000, 0x0000000085e00000|  0%| F|  |TAMS 0x0000000085d00000, 0x0000000085d00000| Untracked 
|  56|0x0000000085e00000, 0x0000000085e00000, 0x0000000085f00000|  0%| F|  |TAMS 0x0000000085e00000, 0x0000000085e00000| Untracked 
|  57|0x0000000085f00000, 0x0000000085f00000, 0x0000000086000000|  0%| F|  |TAMS 0x0000000085f00000, 0x0000000085f00000| Untracked 
|  58|0x0000000086000000, 0x0000000086000000, 0x0000000086100000|  0%| F|  |TAMS 0x0000000086000000, 0x0000000086000000| Untracked 
|  59|0x0000000086100000, 0x0000000086100000, 0x0000000086200000|  0%| F|  |TAMS 0x0000000086100000, 0x0000000086100000| Untracked 
|  60|0x0000000086200000, 0x0000000086200000, 0x0000000086300000|  0%| F|  |TAMS 0x0000000086200000, 0x0000000086200000| Untracked 
|  61|0x0000000086300000, 0x0000000086300000, 0x0000000086400000|  0%| F|  |TAMS 0x0000000086300000, 0x0000000086300000| Untracked 
|  62|0x0000000086400000, 0x0000000086400000, 0x0000000086500000|  0%| F|  |TAMS 0x0000000086400000, 0x0000000086400000| Untracked 
| 124|0x000000008a200000, 0x000000008a200000, 0x000000008a300000|  0%| F|  |TAMS 0x000000008a200000, 0x000000008a200000| Untracked 
| 125|0x000000008a300000, 0x000000008a300000, 0x000000008a400000|  0%| F|  |TAMS 0x000000008a300000, 0x000000008a300000| Untracked 

Card table byte_map: [0x00000225c4050000,0x00000225c4440000] _byte_map_base: 0x00000225c3c3d000

Marking Bits (Prev, Next): (CMBitMap*) 0x00000225ac7436e0, (CMBitMap*) 0x00000225ac743720
 Prev Bits: [0x00000225c4830000, 0x00000225c6798000)
 Next Bits: [0x00000225c67a0000, 0x00000225c8708000)

Polling page: 0x00000225aa540000

Metaspace:

Usage:
  Non-class:     32.24 MB capacity,    31.99 MB (>99%) used,   204.63 KB ( <1%) free+waste,    56.69 KB ( <1%) overhead. 
      Class:      5.11 MB capacity,     4.94 MB ( 97%) used,   148.01 KB (  3%) free+waste,    23.50 KB ( <1%) overhead. 
       Both:     37.35 MB capacity,    36.93 MB ( 99%) used,   352.63 KB ( <1%) free+waste,    80.19 KB ( <1%) overhead. 

Virtual space:
  Non-class space:       42.00 MB reserved,      32.42 MB ( 77%) committed 
      Class space:        1.00 GB reserved,       5.13 MB ( <1%) committed 
             Both:        1.04 GB reserved,      37.55 MB (  4%) committed 

Chunk freelists:
   Non-Class:  56.00 KB
       Class:  13.00 KB
        Both:  69.00 KB

MaxMetaspaceSize: 17179869184.00 GB
CompressedClassSpaceSize: 1.00 GB

CodeHeap 'non-profiled nmethods': size=238336Kb used=6455Kb max_used=6455Kb free=231880Kb
 bounds [0x00000225b5060000, 0x00000225b56b0000, 0x00000225c3920000]
CodeHeap 'non-nmethods': size=7424Kb used=1346Kb max_used=1346Kb free=6077Kb
 bounds [0x00000225b4920000, 0x00000225b4b90000, 0x00000225b5060000]
 total_blobs=4479 nmethods=3935 adapters=471
 compilation: enabled
              stopped_count=0, restarted_count=0
 full_count=0

Compilation events (20 events):
Event: 4.397 Thread 0x00000225cb174280 3925       1       org.hibernate.annotations.common.reflection.java.JavaXType::approximate (5 bytes)
Event: 4.397 Thread 0x00000225cb174280 nmethod 3925 0x00000225b56ab110 code [0x00000225b56ab2a0, 0x00000225b56ab358]
Event: 4.397 Thread 0x00000225cb174280 3927       1       org.hibernate.annotations.common.reflection.java.TypeEnvironmentMap::getOrCompute (24 bytes)
Event: 4.397 Thread 0x00000225cb174280 nmethod 3927 0x00000225b56ab410 code [0x00000225b56ab620, 0x00000225b56aba08]
Event: 4.397 Thread 0x00000225cb174280 3928       1       org.hibernate.annotations.common.reflection.java.TypeEnvironmentMap::getOrInitRootMap (27 bytes)
Event: 4.397 Thread 0x00000225cb174280 nmethod 3928 0x00000225b56abd90 code [0x00000225b56abf60, 0x00000225b56ac128]
Event: 4.397 Thread 0x00000225cb174280 3929       1       org.hibernate.annotations.common.reflection.java.TypeEnvironmentMap$$Lambda$748/0x0000000801035040::<init> (10 bytes)
Event: 4.397 Thread 0x00000225cb174280 nmethod 3929 0x00000225b56ac210 code [0x00000225b56ac3a0, 0x00000225b56ac498]
Event: 4.397 Thread 0x00000225cb174280 3930       1       org.hibernate.annotations.common.reflection.java.TypeEnvironmentMap$ContextScope::access$000 (6 bytes)
Event: 4.398 Thread 0x00000225cb174280 nmethod 3930 0x00000225b56ac510 code [0x00000225b56ac6c0, 0x00000225b56ac838]
Event: 4.403 Thread 0x00000225cb174280 3931       1       java.util.HashSet::clear (8 bytes)
Event: 4.403 Thread 0x00000225cb174280 nmethod 3931 0x00000225b56aca10 code [0x00000225b56acba0, 0x00000225b56acc88]
Event: 4.407 Thread 0x00000225cb174280 3932       1       org.hibernate.internal.util.StringHelper::isEmpty (17 bytes)
Event: 4.407 Thread 0x00000225cb174280 nmethod 3932 0x00000225b56acd10 code [0x00000225b56acea0, 0x00000225b56acf98]
Event: 4.408 Thread 0x00000225cb174280 3933       1       java.lang.CompoundEnumeration::next (58 bytes)
Event: 4.408 Thread 0x00000225cb174280 nmethod 3933 0x00000225b56ad090 code [0x00000225b56ad240, 0x00000225b56ad3a8]
Event: 4.423 Thread 0x00000225cb174280 3934       1       java.lang.CompoundEnumeration::hasMoreElements (5 bytes)
Event: 4.423 Thread 0x00000225cb174280 nmethod 3934 0x00000225b56ad490 code [0x00000225b56ad620, 0x00000225b56ad708]
Event: 4.430 Thread 0x00000225cb174280 3936       1       java.util.List::of (4 bytes)
Event: 4.430 Thread 0x00000225cb174280 nmethod 3936 0x00000225b56ada90 code [0x00000225b56adc20, 0x00000225b56adcb8]

GC Heap History (17 events):
Event: 0.782 GC heap before
{Heap before GC invocations=0 (full 0):
 garbage-first heap   total 129024K, used 23552K [0x0000000082600000, 0x0000000100000000)
  region size 1024K, 23 young (23552K), 0 survivors (0K)
 Metaspace       used 6199K, capacity 6359K, committed 6528K, reserved 1056768K
  class space    used 727K, capacity 773K, committed 896K, reserved 1048576K
}
Event: 0.789 GC heap after
{Heap after GC invocations=1 (full 0):
 garbage-first heap   total 129024K, used 7325K [0x0000000082600000, 0x0000000100000000)
  region size 1024K, 3 young (3072K), 3 survivors (3072K)
 Metaspace       used 6199K, capacity 6359K, committed 6528K, reserved 1056768K
  class space    used 727K, capacity 773K, committed 896K, reserved 1048576K
}
Event: 1.135 GC heap before
{Heap before GC invocations=1 (full 0):
 garbage-first heap   total 129024K, used 29853K [0x0000000082600000, 0x0000000100000000)
  region size 1024K, 26 young (26624K), 3 survivors (3072K)
 Metaspace       used 10719K, capacity 11059K, committed 11264K, reserved 1058816K
  class space    used 1400K, capacity 1490K, committed 1536K, reserved 1048576K
}
Event: 1.141 GC heap after
{Heap after GC invocations=2 (full 0):
 garbage-first heap   total 129024K, used 9353K [0x0000000082600000, 0x0000000100000000)
  region size 1024K, 2 young (2048K), 2 survivors (2048K)
 Metaspace       used 10719K, capacity 11059K, committed 11264K, reserved 1058816K
  class space    used 1400K, capacity 1490K, committed 1536K, reserved 1048576K
}
Event: 1.444 GC heap before
{Heap before GC invocations=2 (full 0):
 garbage-first heap   total 129024K, used 51337K [0x0000000082600000, 0x0000000100000000)
  region size 1024K, 44 young (45056K), 2 survivors (2048K)
 Metaspace       used 18027K, capacity 18378K, committed 18688K, reserved 1064960K
  class space    used 2362K, capacity 2471K, committed 2560K, reserved 1048576K
}
Event: 1.450 GC heap after
{Heap after GC invocations=3 (full 0):
 garbage-first heap   total 129024K, used 11339K [0x0000000082600000, 0x0000000100000000)
  region size 1024K, 4 young (4096K), 4 survivors (4096K)
 Metaspace       used 18027K, capacity 18378K, committed 18688K, reserved 1064960K
  class space    used 2362K, capacity 2471K, committed 2560K, reserved 1048576K
}
Event: 1.876 GC heap before
{Heap before GC invocations=3 (full 0):
 garbage-first heap   total 129024K, used 76875K [0x0000000082600000, 0x0000000100000000)
  region size 1024K, 70 young (71680K), 4 survivors (4096K)
 Metaspace       used 20868K, capacity 21187K, committed 21296K, reserved 1067008K
  class space    used 2764K, capacity 2890K, committed 2944K, reserved 1048576K
}
Event: 1.884 GC heap after
{Heap after GC invocations=4 (full 0):
 garbage-first heap   total 129024K, used 12793K [0x0000000082600000, 0x0000000100000000)
  region size 1024K, 6 young (6144K), 6 survivors (6144K)
 Metaspace       used 20868K, capacity 21187K, committed 21296K, reserved 1067008K
  class space    used 2764K, capacity 2890K, committed 2944K, reserved 1048576K
}
Event: 2.564 GC heap before
{Heap before GC invocations=5 (full 0):
 garbage-first heap   total 55296K, used 39417K [0x0000000082600000, 0x0000000100000000)
  region size 1024K, 32 young (32768K), 6 survivors (6144K)
 Metaspace       used 24180K, capacity 24582K, committed 24880K, reserved 1071104K
  class space    used 3262K, capacity 3393K, committed 3456K, reserved 1048576K
}
Event: 2.575 GC heap after
{Heap after GC invocations=6 (full 0):
 garbage-first heap   total 66560K, used 14773K [0x0000000082600000, 0x0000000100000000)
  region size 1024K, 4 young (4096K), 4 survivors (4096K)
 Metaspace       used 24180K, capacity 24582K, committed 24880K, reserved 1071104K
  class space    used 3262K, capacity 3393K, committed 3456K, reserved 1048576K
}
Event: 3.370 GC heap before
{Heap before GC invocations=6 (full 0):
 garbage-first heap   total 66560K, used 46517K [0x0000000082600000, 0x0000000100000000)
  region size 1024K, 36 young (36864K), 4 survivors (4096K)
 Metaspace       used 27345K, capacity 27800K, committed 28080K, reserved 1073152K
  class space    used 3661K, capacity 3782K, committed 3840K, reserved 1048576K
}
Event: 3.382 GC heap after
{Heap after GC invocations=7 (full 0):
 garbage-first heap   total 66560K, used 16545K [0x0000000082600000, 0x0000000100000000)
  region size 1024K, 4 young (4096K), 4 survivors (4096K)
 Metaspace       used 27345K, capacity 27800K, committed 28080K, reserved 1073152K
  class space    used 3661K, capacity 3782K, committed 3840K, reserved 1048576K
}
Event: 3.442 GC heap before
{Heap before GC invocations=7 (full 0):
 garbage-first heap   total 66560K, used 48289K [0x0000000082600000, 0x0000000100000000)
  region size 1024K, 36 young (36864K), 4 survivors (4096K)
 Metaspace       used 27595K, capacity 28056K, committed 28208K, reserved 1073152K
  class space    used 3687K, capacity 3846K, committed 3968K, reserved 1048576K
}
Event: 3.451 GC heap after
{Heap after GC invocations=8 (full 0):
 garbage-first heap   total 66560K, used 16946K [0x0000000082600000, 0x0000000100000000)
  region size 1024K, 3 young (3072K), 3 survivors (3072K)
 Metaspace       used 27595K, capacity 28056K, committed 28208K, reserved 1073152K
  class space    used 3687K, capacity 3846K, committed 3968K, reserved 1048576K
}
Event: 3.857 GC heap before
{Heap before GC invocations=8 (full 0):
 garbage-first heap   total 66560K, used 37426K [0x0000000082600000, 0x0000000100000000)
  region size 1024K, 24 young (24576K), 3 survivors (3072K)
 Metaspace       used 31128K, capacity 31539K, committed 31664K, reserved 1083392K
  class space    used 4088K, capacity 4238K, committed 4352K, reserved 1048576K
}
Event: 3.862 GC heap after
{Heap after GC invocations=9 (full 0):
 garbage-first heap   total 66560K, used 18115K [0x0000000082600000, 0x0000000100000000)
  region size 1024K, 4 young (4096K), 4 survivors (4096K)
 Metaspace       used 31128K, capacity 31539K, committed 31664K, reserved 1083392K
  class space    used 4088K, capacity 4238K, committed 4352K, reserved 1048576K
}
Event: 4.432 GC heap before
{Heap before GC invocations=10 (full 0):
 garbage-first heap   total 66560K, used 49859K [0x0000000082600000, 0x0000000100000000)
  region size 1024K, 36 young (36864K), 4 survivors (4096K)
 Metaspace       used 37818K, capacity 38251K, committed 38448K, reserved 1091584K
  class space    used 5063K, capacity 5235K, committed 5248K, reserved 1048576K
}

Deoptimization events (20 events):
Event: 4.426 Thread 0x00000225ac704710 DEOPT PACKING pc=0x00000225b5188154 sp=0x000000fb25efd870
Event: 4.426 Thread 0x00000225ac704710 DEOPT UNPACKING pc=0x00000225b496e23f sp=0x000000fb25efcd60 mode 1
Event: 4.426 Thread 0x00000225ac704710 DEOPT PACKING pc=0x00000225b51eec5c sp=0x000000fb25efcd90
Event: 4.426 Thread 0x00000225ac704710 DEOPT UNPACKING pc=0x00000225b496e23f sp=0x000000fb25efc228 mode 1
Event: 4.426 Thread 0x00000225ac704710 DEOPT PACKING pc=0x00000225b51ed2fc sp=0x000000fb25efce60
Event: 4.426 Thread 0x00000225ac704710 DEOPT UNPACKING pc=0x00000225b496e23f sp=0x000000fb25efc318 mode 1
Event: 4.426 Thread 0x00000225ac704710 DEOPT PACKING pc=0x00000225b5188154 sp=0x000000fb25efd870
Event: 4.426 Thread 0x00000225ac704710 DEOPT UNPACKING pc=0x00000225b496e23f sp=0x000000fb25efcd60 mode 1
Event: 4.430 Thread 0x00000225ac704710 DEOPT PACKING pc=0x00000225b51eec5c sp=0x000000fb25efc6f0
Event: 4.430 Thread 0x00000225ac704710 DEOPT UNPACKING pc=0x00000225b496e23f sp=0x000000fb25efbb88 mode 1
Event: 4.430 Thread 0x00000225ac704710 DEOPT PACKING pc=0x00000225b51ed2fc sp=0x000000fb25efc7c0
Event: 4.430 Thread 0x00000225ac704710 DEOPT UNPACKING pc=0x00000225b496e23f sp=0x000000fb25efbc78 mode 1
Event: 4.430 Thread 0x00000225ac704710 DEOPT PACKING pc=0x00000225b5188154 sp=0x000000fb25efd1d0
Event: 4.430 Thread 0x00000225ac704710 DEOPT UNPACKING pc=0x00000225b496e23f sp=0x000000fb25efc6c0 mode 1
Event: 4.430 Thread 0x00000225ac704710 DEOPT PACKING pc=0x00000225b51eec5c sp=0x000000fb25efc6f0
Event: 4.430 Thread 0x00000225ac704710 DEOPT UNPACKING pc=0x00000225b496e23f sp=0x000000fb25efbb88 mode 1
Event: 4.430 Thread 0x00000225ac704710 DEOPT PACKING pc=0x00000225b51ed2fc sp=0x000000fb25efc7c0
Event: 4.430 Thread 0x00000225ac704710 DEOPT UNPACKING pc=0x00000225b496e23f sp=0x000000fb25efbc78 mode 1
Event: 4.430 Thread 0x00000225ac704710 DEOPT PACKING pc=0x00000225b5188154 sp=0x000000fb25efd1d0
Event: 4.430 Thread 0x00000225ac704710 DEOPT UNPACKING pc=0x00000225b496e23f sp=0x000000fb25efc6c0 mode 1

Classes unloaded (0 events):
No events

Classes redefined (0 events):
No events

Internal exceptions (20 events):
Event: 2.650 Thread 0x00000225ac704710 Exception <a 'java/lang/ClassNotFoundException'{0x00000000864b3f90}: org/springframework/aop/support/AbstractPointcutAdvisorCustomizer> (0x00000000864b3f90) 
thrown [./open/src/hotspot/share/classfile/systemDictionary.cpp, line 295]
Event: 2.652 Thread 0x00000225ac704710 Exception <a 'java/lang/ClassNotFoundException'{0x00000000864bc440}: org/springframework/security/access/intercept/aopalliance/MethodSecurityMetadataSourceAdvisorCustomizer> (0x00000000864bc440) 
thrown [./open/src/hotspot/share/classfile/systemDictionary.cpp, line 295]
Event: 2.655 Thread 0x00000225ac704710 Exception <a 'java/lang/ClassNotFoundException'{0x00000000864c7dc0}: org/springframework/beans/factory/BeanFactoryAwareCustomizer> (0x00000000864c7dc0) 
thrown [./open/src/hotspot/share/classfile/systemDictionary.cpp, line 295]
Event: 2.655 Thread 0x00000225ac704710 Exception <a 'java/lang/ClassNotFoundException'{0x00000000864ccf60}: org/springframework/beans/factory/AwareCustomizer> (0x00000000864ccf60) 
thrown [./open/src/hotspot/share/classfile/systemDictionary.cpp, line 295]
Event: 2.656 Thread 0x00000225ac704710 Exception <a 'java/lang/ClassNotFoundException'{0x00000000864d0bf8}: org/springframework/aop/PointcutAdvisorCustomizer> (0x00000000864d0bf8) 
thrown [./open/src/hotspot/share/classfile/systemDictionary.cpp, line 295]
Event: 2.657 Thread 0x00000225ac704710 Exception <a 'java/lang/ClassNotFoundException'{0x00000000864d5948}: org/springframework/aop/AdvisorCustomizer> (0x00000000864d5948) 
thrown [./open/src/hotspot/share/classfile/systemDictionary.cpp, line 295]
Event: 2.658 Thread 0x00000225ac704710 Exception <a 'java/lang/ClassNotFoundException'{0x00000000864daeb8}: org/springframework/core/OrderedCustomizer> (0x00000000864daeb8) 
thrown [./open/src/hotspot/share/classfile/systemDictionary.cpp, line 295]
Event: 2.870 Thread 0x00000225ac704710 Exception <a 'java/lang/NoSuchMethodError'{0x0000000085ff4e40}: 'void java.lang.invoke.DirectMethodHandle$Holder.invokeInterface(java.lang.Object, java.lang.Object, int)'> (0x0000000085ff4e40) 
thrown [./open/src/hotspot/share/interpreter/linkResolver.cpp, line 782]
Event: 2.873 Thread 0x00000225ac704710 Exception <a 'java/lang/NoSuchMethodError'{0x0000000085e110e8}: 'int java.lang.invoke.DirectMethodHandle$Holder.invokeVirtual(java.lang.Object, java.lang.Object)'> (0x0000000085e110e8) 
thrown [./open/src/hotspot/share/interpreter/linkResolver.cpp, line 782]
Event: 2.878 Thread 0x00000225ac704710 Exception <a 'java/lang/IncompatibleClassChangeError'{0x0000000085e4e8c8}: Found class java.lang.Object, but interface was expected> (0x0000000085e4e8c8) 
thrown [./open/src/hotspot/share/interpreter/linkResolver.cpp, line 848]
Event: 2.879 Thread 0x00000225ac704710 Exception <a 'java/lang/NoSuchMethodError'{0x0000000085e53fb0}: 'void java.lang.invoke.DirectMethodHandle$Holder.invokeStatic(java.lang.Object, int, java.lang.Object)'> (0x0000000085e53fb0) 
thrown [./open/src/hotspot/share/interpreter/linkResolver.cpp, line 782]
Event: 2.883 Thread 0x00000225ac704710 Exception <a 'java/lang/NoSuchMethodError'{0x0000000085e845e0}: 'int java.lang.invoke.DirectMethodHandle$Holder.invokeSpecial(java.lang.Object, java.lang.Object, int)'> (0x0000000085e845e0) 
thrown [./open/src/hotspot/share/interpreter/linkResolver.cpp, line 782]
Event: 3.164 Thread 0x00000225cc53bc00 Exception <a 'java/lang/reflect/InvocationTargetException'{0x000000008578bf38}> (0x000000008578bf38) 
thrown [./open/src/hotspot/share/runtime/reflection.cpp, line 1157]
Event: 3.423 Thread 0x00000225ac704710 Exception <a 'java/io/FileNotFoundException'{0x00000000848d1f60}> (0x00000000848d1f60) 
thrown [./open/src/hotspot/share/prims/jni.cpp, line 578]
Event: 3.462 Thread 0x00000225ac704710 Exception <a 'java/lang/NoSuchMethodError'{0x000000008a3c1c18}: 'int java.lang.invoke.DirectMethodHandle$Holder.invokeInterface(java.lang.Object, java.lang.Object, java.lang.Object, java.lang.Object)'> (0x000000008a3c1c18) 
thrown [./open/src/hotspot/share/interpreter/linkResolver.cpp, line 782]
Event: 3.531 Thread 0x00000225ac704710 Exception <a 'java/io/FileNotFoundException'{0x00000000863a55f0}> (0x00000000863a55f0) 
thrown [./open/src/hotspot/share/prims/jni.cpp, line 578]
Event: 3.669 Thread 0x00000225cc53bc00 Exception <a 'java/lang/reflect/InvocationTargetException'{0x0000000085a09a58}> (0x0000000085a09a58) 
thrown [./open/src/hotspot/share/runtime/reflection.cpp, line 1157]
Event: 3.757 Thread 0x00000225ac704710 Exception <a 'sun/nio/fs/WindowsException'{0x00000000858c4de8}> (0x00000000858c4de8) 
thrown [./open/src/hotspot/share/prims/jni.cpp, line 578]
Event: 3.838 Thread 0x00000225ac704710 Exception <a 'java/lang/NoSuchMethodError'{0x00000000854df100}: 'java.lang.Object java.lang.invoke.DirectMethodHandle$Holder.invokeStaticInit(java.lang.Object, java.lang.Object, java.lang.Object, java.lang.Object)'> (0x00000000854df100) 
thrown [./open/src/hotspot/share/interpreter/linkResolver.cpp, line 782]
Event: 4.173 Thread 0x00000225cc53bc00 Exception <a 'java/lang/reflect/InvocationTargetException'{0x00000000854330f8}> (0x00000000854330f8) 
thrown [./open/src/hotspot/share/runtime/reflection.cpp, line 1157]

Events (20 events):
Event: 4.429 loading class org/hibernate/internal/CoreMessageLogger_$logger_ru_RU done
Event: 4.430 loading class org/hibernate/internal/CoreMessageLogger_$logger_ru
Event: 4.430 loading class org/hibernate/internal/CoreMessageLogger_$logger_ru done
Event: 4.430 loading class org/hibernate/engine/spi/CacheInitiator
Event: 4.430 loading class org/hibernate/engine/spi/CacheInitiator done
Event: 4.430 loading class org/hibernate/engine/query/spi/NativeQueryInterpreterInitiator
Event: 4.430 loading class org/hibernate/engine/query/spi/NativeQueryInterpreterInitiator done
Event: 4.430 loading class org/hibernate/service/spi/SessionFactoryServiceContributor
Event: 4.430 loading class org/hibernate/service/spi/SessionFactoryServiceContributor done
Event: 4.431 loading class org/hibernate/service/internal/SessionFactoryServiceRegistryImpl
Event: 4.431 loading class org/hibernate/service/internal/SessionFactoryServiceRegistryImpl done
Event: 4.431 loading class org/hibernate/service/spi/SessionFactoryServiceInitiatorContext
Event: 4.431 loading class org/hibernate/service/spi/SessionFactoryServiceInitiatorContext done
Event: 4.431 loading class org/hibernate/event/service/spi/EventListenerRegistry
Event: 4.431 loading class org/hibernate/event/service/spi/EventListenerRegistry done
Event: 4.431 loading class org/hibernate/stat/spi/StatisticsImplementor
Event: 4.431 loading class org/hibernate/stat/spi/StatisticsImplementor done
Event: 4.431 loading class org/hibernate/stat/Statistics
Event: 4.431 loading class org/hibernate/stat/Statistics done
Event: 4.431 Executing VM operation: G1CollectForAllocation


Dynamic libraries:
0x00007ff7b4100000 - 0x00007ff7b410d000 	C:\Users\stesh\.jdks\openjdk-15.0.2\bin\java.exe
0x00007fff972c0000 - 0x00007fff974b0000 	C:\Windows\SYSTEM32\ntdll.dll
0x00007fff95b00000 - 0x00007fff95bb2000 	C:\Windows\System32\KERNEL32.DLL
0x00007fff950c0000 - 0x00007fff95365000 	C:\Windows\System32\KERNELBASE.dll
0x00007fff94500000 - 0x00007fff945fa000 	C:\Windows\System32\ucrtbase.dll
0x00007fff8f420000 - 0x00007fff8f439000 	C:\Users\stesh\.jdks\openjdk-15.0.2\bin\VCRUNTIME140.dll
0x00007fff90560000 - 0x00007fff90578000 	C:\Users\stesh\.jdks\openjdk-15.0.2\bin\jli.dll
0x00007fff95ef0000 - 0x00007fff96084000 	C:\Windows\System32\USER32.dll
0x00007fff94230000 - 0x00007fff94251000 	C:\Windows\System32\win32u.dll
0x00007fff777c0000 - 0x00007fff77a44000 	C:\Windows\WinSxS\amd64_microsoft.windows.common-controls_6595b64144ccf1df_6.0.18362.1440_none_9e7dbfb9e45e8e67\COMCTL32.dll
0x00007fff96610000 - 0x00007fff96636000 	C:\Windows\System32\GDI32.dll
0x00007fff963b0000 - 0x00007fff9644e000 	C:\Windows\System32\msvcrt.dll
0x00007fff94360000 - 0x00007fff944f8000 	C:\Windows\System32\gdi32full.dll
0x00007fff95570000 - 0x00007fff958a6000 	C:\Windows\System32\combase.dll
0x00007fff94260000 - 0x00007fff942fe000 	C:\Windows\System32\msvcp_win.dll
0x00007fff95960000 - 0x00007fff95a7f000 	C:\Windows\System32\RPCRT4.dll
0x00007fff94fe0000 - 0x00007fff95061000 	C:\Windows\System32\bcryptPrimitives.dll
0x00007fff96090000 - 0x00007fff960be000 	C:\Windows\System32\IMM32.DLL
0x00007fff905a0000 - 0x00007fff905ac000 	C:\Users\stesh\.jdks\openjdk-15.0.2\bin\vcruntime140_1.dll
0x00007fff86470000 - 0x00007fff86501000 	C:\Users\stesh\.jdks\openjdk-15.0.2\bin\msvcp140.dll
0x00007fff531b0000 - 0x00007fff53d0e000 	C:\Users\stesh\.jdks\openjdk-15.0.2\bin\server\jvm.dll
0x00007fff95370000 - 0x00007fff95413000 	C:\Windows\System32\ADVAPI32.dll
0x00007fff95e50000 - 0x00007fff95ee7000 	C:\Windows\System32\sechost.dll
0x00007fff95420000 - 0x00007fff95428000 	C:\Windows\System32\PSAPI.DLL
0x00007fff8dc60000 - 0x00007fff8dc69000 	C:\Windows\SYSTEM32\WSOCK32.dll
0x00007fff8f240000 - 0x00007fff8f264000 	C:\Windows\SYSTEM32\WINMM.dll
0x00007fff8ea80000 - 0x00007fff8ea8a000 	C:\Windows\SYSTEM32\VERSION.dll
0x00007fff965a0000 - 0x00007fff9660f000 	C:\Windows\System32\WS2_32.dll
0x00007fff8f210000 - 0x00007fff8f23d000 	C:\Windows\SYSTEM32\winmmbase.dll
0x00007fff95070000 - 0x00007fff950ba000 	C:\Windows\System32\cfgmgr32.dll
0x00007fff941f0000 - 0x00007fff94201000 	C:\Windows\System32\kernel.appcore.dll
0x00007fff90500000 - 0x00007fff9050a000 	C:\Users\stesh\.jdks\openjdk-15.0.2\bin\jimage.dll
0x00007fff92a80000 - 0x00007fff92c74000 	C:\Windows\SYSTEM32\DBGHELP.DLL
0x00007fff79d00000 - 0x00007fff79d2a000 	C:\Windows\SYSTEM32\dbgcore.DLL
0x00007fff85ff0000 - 0x00007fff86029000 	C:\Users\stesh\.jdks\openjdk-15.0.2\bin\jdwp.dll
0x00007fff8e740000 - 0x00007fff8e74e000 	C:\Users\stesh\.jdks\openjdk-15.0.2\bin\instrument.dll
0x00007fff8e5e0000 - 0x00007fff8e605000 	C:\Users\stesh\.jdks\openjdk-15.0.2\bin\java.dll
0x00007fff96ac0000 - 0x00007fff971a8000 	C:\Windows\System32\SHELL32.dll
0x00007fff95430000 - 0x00007fff954d7000 	C:\Windows\System32\shcore.dll
0x00007fff94830000 - 0x00007fff94fab000 	C:\Windows\System32\windows.storage.dll
0x00007fff94210000 - 0x00007fff9422e000 	C:\Windows\System32\profapi.dll
0x00007fff941a0000 - 0x00007fff941ea000 	C:\Windows\System32\powrprof.dll
0x00007fff94170000 - 0x00007fff94180000 	C:\Windows\System32\UMPDC.dll
0x00007fff971b0000 - 0x00007fff97202000 	C:\Windows\System32\shlwapi.dll
0x00007fff94600000 - 0x00007fff94617000 	C:\Windows\System32\cryptsp.dll
0x00007fff8df80000 - 0x00007fff8df8b000 	C:\Users\stesh\.jdks\openjdk-15.0.2\bin\dt_socket.dll
0x00007fff936c0000 - 0x00007fff936fa000 	C:\Windows\SYSTEM32\IPHLPAPI.DLL
0x00007fff939b0000 - 0x00007fff93a17000 	C:\Windows\system32\mswsock.dll
0x00007fff8e5c0000 - 0x00007fff8e5d8000 	C:\Users\stesh\.jdks\openjdk-15.0.2\bin\zip.dll
0x00007fff8e5a0000 - 0x00007fff8e5b9000 	C:\Users\stesh\.jdks\openjdk-15.0.2\bin\net.dll
0x00007fff8ab80000 - 0x00007fff8ac7a000 	C:\Windows\SYSTEM32\WINHTTP.dll
0x00007fff8e550000 - 0x00007fff8e562000 	C:\Users\stesh\.jdks\openjdk-15.0.2\bin\nio.dll
0x00007fff93700000 - 0x00007fff937cb000 	C:\Windows\SYSTEM32\DNSAPI.dll
0x00007fff96640000 - 0x00007fff96648000 	C:\Windows\System32\NSI.dll
0x0000000073010000 - 0x0000000073045000 	C:\Program Files\Bonjour\mdnsNSP.dll
0x00007fff8ac90000 - 0x00007fff8ac9a000 	C:\Windows\System32\rasadhlp.dll
0x00007fff8c170000 - 0x00007fff8c1e7000 	C:\Windows\System32\fwpuclnt.dll
0x00007fff94fb0000 - 0x00007fff94fd6000 	C:\Windows\System32\bcrypt.dll
0x00007fff8e6e0000 - 0x00007fff8e6e9000 	C:\Users\stesh\.jdks\openjdk-15.0.2\bin\management.dll
0x00007fff8dfa0000 - 0x00007fff8dfab000 	C:\Users\stesh\.jdks\openjdk-15.0.2\bin\management_ext.dll
0x00007fff93530000 - 0x00007fff93563000 	C:\Windows\system32\rsaenh.dll
0x00007fff94050000 - 0x00007fff94075000 	C:\Windows\SYSTEM32\USERENV.dll
0x00007fff93b80000 - 0x00007fff93b8c000 	C:\Windows\SYSTEM32\CRYPTBASE.dll
0x00007fff8cb00000 - 0x00007fff8cb16000 	C:\Windows\SYSTEM32\dhcpcsvc6.DLL
0x00007fff8cae0000 - 0x00007fff8cafc000 	C:\Windows\SYSTEM32\dhcpcsvc.DLL
0x00007fff64830000 - 0x00007fff64846000 	C:\Windows\system32\napinsp.dll
0x00007fff64810000 - 0x00007fff6482a000 	C:\Windows\system32\pnrpnsp.dll
0x00007fff64800000 - 0x00007fff6480e000 	C:\Windows\System32\winrnr.dll
0x00007fff90450000 - 0x00007fff9046c000 	C:\Windows\system32\NLAapi.dll
0x00007fff8dab0000 - 0x00007fff8dac5000 	C:\Windows\system32\wshbth.dll

dbghelp: loaded successfully - version: 4.0.5 - missing functions: none
symbol engine: initialized successfully - sym options: 0x614 - pdb path: .;C:\Users\stesh\.jdks\openjdk-15.0.2\bin;C:\Windows\SYSTEM32;C:\Windows\WinSxS\amd64_microsoft.windows.common-controls_6595b64144ccf1df_6.0.18362.1440_none_9e7dbfb9e45e8e67;C:\Users\stesh\.jdks\openjdk-15.0.2\bin\server;C:\Program Files\Bonjour

VM Arguments:
jvm_args: -agentlib:jdwp=transport=dt_socket,address=127.0.0.1:56604,suspend=y,server=n -XX:TieredStopAtLevel=1 -Xverify:none -Dspring.output.ansi.enabled=always -javaagent:C:\Users\stesh\AppData\Local\JetBrains\IntelliJIdea2020.3\captureAgent\debugger-agent.jar -Dcom.sun.management.jmxremote -Dspring.jmx.enabled=true -Dspring.liveBeansView.mbeanDomain -Dspring.application.admin.enabled=true -Dfile.encoding=UTF-8 
java_command: com.example.demo.HotelAdministrationApplication
java_class_path (initial): C:\Users\stesh\OneDrive\Рабочий стол\demo\target\classes;C:\Users\stesh\.m2\repository\org\hibernate\validator\hibernate-validator\6.1.0.Final\hibernate-validator-6.1.0.Final.jar;C:\Users\stesh\.m2\repository\jakarta\validation\jakarta.validation-api\2.0.2\jakarta.validation-api-2.0.2.jar;C:\Users\stesh\.m2\repository\org\jboss\logging\jboss-logging\3.4.1.Final\jboss-logging-3.4.1.Final.jar;C:\Users\stesh\.m2\repository\com\fasterxml\classmate\1.5.1\classmate-1.5.1.jar;C:\Users\stesh\.m2\repository\org\postgresql\postgresql\42.2.19\postgresql-42.2.19.jar;C:\Users\stesh\.m2\repository\org\checkerframework\checker-qual\3.5.0\checker-qual-3.5.0.jar;C:\Users\stesh\.m2\repository\org\springframework\boot\spring-boot-starter-thymeleaf\2.4.5\spring-boot-starter-thymeleaf-2.4.5.jar;C:\Users\stesh\.m2\repository\org\springframework\boot\spring-boot-starter\2.4.5\spring-boot-starter-2.4.5.jar;C:\Users\stesh\.m2\repository\org\springframework\boot\spring-boot\2.4.5\spring-boot-2.4.5.jar;C:\Users\stesh\.m2\repository\org\springframework\boot\spring-boot-autoconfigure\2.4.5\spring-boot-autoconfigure-2.4.5.jar;C:\Users\stesh\.m2\repository\org\springframework\boot\spring-boot-starter-logging\2.4.5\spring-boot-starter-logging-2.4.5.jar;C:\Users\stesh\.m2\repository\ch\qos\logback\logback-classic\1.2.3\logback-classic-1.2.3.jar;C:\Users\stesh\.m2\repository\ch\qos\logback\logback-core\1.2.3\logback-core-1.2.3.jar;C:\Users\stesh\.m2\repository\org\apache\logging\log4j\log4j-to-slf4j\2.13.3\log4j-to-slf4j-2.13.3.jar;C:\Users\stesh\.m2\repository\org\apache\logging\log4j\log4j-api\2.13.3\log4j-api-2.13.3.jar;C:\Users\stesh\.m2\repository\org\slf4j\jul-to-slf4j\1.7.30\jul-to-slf4j-1.7.30.jar;C:\Users\stesh\.m2\repository\jakarta\annotation\jakarta.annotation-api\1.3.5\jakarta.annotation-api-1.3.5.jar;C:\Users\stesh\.m2\repository\org\yaml\snakeyaml\1.27\snakeyaml-1.27.jar;C:\Users\stesh\.m2\repository\org\thymeleaf\thymeleaf-spring5\3.0.12.RELEASE\thymeleaf
Launcher Type: SUN_STANDARD

[Global flags]
     intx CICompilerCount                          = 4                                         {product} {ergonomic}
     uint ConcGCThreads                            = 2                                         {product} {ergonomic}
     uint G1ConcRefinementThreads                  = 8                                         {product} {ergonomic}
   size_t G1HeapRegionSize                         = 1048576                                   {product} {ergonomic}
    uintx GCDrainStackTargetSize                   = 64                                        {product} {ergonomic}
   size_t InitialHeapSize                          = 132120576                                 {product} {ergonomic}
     bool ManagementServer                         = true                                      {product} {command line}
   size_t MarkStackSize                            = 4194304                                   {product} {ergonomic}
   size_t MaxHeapSize                              = 2107637760                                {product} {ergonomic}
   size_t MaxNewSize                               = 1264582656                                {product} {ergonomic}
   size_t MinHeapDeltaBytes                        = 1048576                                   {product} {ergonomic}
   size_t MinHeapSize                              = 8388608                                   {product} {ergonomic}
    uintx NonNMethodCodeHeapSize                   = 7549744                                {pd product} {ergonomic}
    uintx NonProfiledCodeHeapSize                  = 244108496                              {pd product} {ergonomic}
    uintx ProfiledCodeHeapSize                     = 0                                      {pd product} {ergonomic}
    uintx ReservedCodeCacheSize                    = 251658240                              {pd product} {ergonomic}
     bool SegmentedCodeCache                       = true                                      {product} {ergonomic}
   size_t SoftMaxHeapSize                          = 2107637760                             {manageable} {ergonomic}
     intx TieredStopAtLevel                        = 1                                         {product} {command line}
     bool UseCompressedClassPointers               = true                                 {lp64_product} {ergonomic}
     bool UseCompressedOops                        = true                                 {lp64_product} {ergonomic}
     bool UseG1GC                                  = true                                      {product} {ergonomic}
     bool UseLargePagesIndividualAllocation        = false                                  {pd product} {ergonomic}

Logging:
Log output configuration:
 #0: stdout all=warning uptime,level,tags
 #1: stderr all=off uptime,level,tags

Environment Variables:
JAVA_HOME=C:\Program Files\Java\jdk1.8.0_281
PATH=C:\Program Files (x86)\Common Files\Oracle\Java\javapath;C:\Windows\system32;C:\Windows;C:\Windows\System32\Wbem;C:\Windows\System32\WindowsPowerShell\v1.0\;C:\Windows\System32\OpenSSH\;C:\Program Files (x86)\NVIDIA Corporation\PhysX\Common;C:\Program Files\NVIDIA Corporation\NVIDIA NvDLISR;C:\Program Files\dotnet\;C:\Program Files\Java\jdk1.8.0_281\bin;C:\Program Files\Git\cmd;C:\Program Files (x86)\GitExtensions\;C:\Program Files\nodejs\;C:\Users\stesh\AppData\Local\Microsoft\WindowsApps;C:\Program Files\JetBrains\IntelliJ IDEA Community Edition 2020.3.2\bin;;;C:\Program Files\JetBrains\IntelliJ IDEA 2020.3.2\bin;;C:\Users\stesh\AppData\Roaming\npm
USERNAME=stesh
OS=Windows_NT
PROCESSOR_IDENTIFIER=Intel64 Family 6 Model 158 Stepping 10, GenuineIntel



---------------  S Y S T E M  ---------------

OS:
 Windows 10 , 64 bit Build 18362 (10.0.18362.1350)
OS uptime: 6 days 3:54 hours

CPU: total 8 (initial active 8) (4 cores per cpu, 2 threads per core) family 6 model 158 stepping 10 microcode 0xde, cmov, cx8, fxsr, mmx, sse, sse2, sse3, ssse3, sse4.1, sse4.2, popcnt, vzeroupper, avx, avx2, aes, clmul, erms, 3dnowpref, lzcnt, ht, tsc, tscinvbit, bmi1, bmi2, adx, fma, clflush, clflushopt

Memory: 4k page, system-wide physical 8035M (649M free)
TotalPageFile size 16227M (AvailPageFile size 0M)
current process WorkingSet (physical memory assigned to process): 165M, peak: 165M
current process commit charge ("private bytes"): 210M, peak: 247M

vm_info: OpenJDK 64-Bit Server VM (15.0.2+7-27) for windows-amd64 JRE (15.0.2+7-27), built on Dec  7 2020 20:02:38 by "mach5one" with unknown MS VC++:1925

END.
